<?xml version="1.0" encoding="UTF-8"?>
<testng-results ignored="0" total="1" passed="1" failed="0" skipped="0">
  <reporter-output>
  </reporter-output>
  <suite started-at="2024-10-25T17:24:59 IST" name="Default suite" finished-at="2024-10-25T17:25:04 IST" duration-ms="4582">
    <groups>
    </groups>
    <test started-at="2024-10-25T17:24:59 IST" name="Default test" finished-at="2024-10-25T17:25:04 IST" duration-ms="4582">
      <class name="org.testing.TestScript.LoginPage">
        <test-method is-config="true" signature="initiate()[pri:0, instance:org.testing.TestScript.LoginPage@2a3b5b47]" started-at="2024-10-25T17:24:59 IST" name="initiate" finished-at="2024-10-25T17:25:01 IST" duration-ms="2092" status="PASS">
          <reporter-output>
          </reporter-output>
        </test-method> <!-- initiate -->
        <test-method signature="loginPage()[pri:0, instance:org.testing.TestScript.LoginPage@2a3b5b47]" started-at="2024-10-25T17:25:01 IST" name="loginPage" finished-at="2024-10-25T17:25:04 IST" duration-ms="2429" status="PASS">
          <reporter-output>
          </reporter-output>
        </test-method> <!-- loginPage -->
      </class> <!-- org.testing.TestScript.LoginPage -->
    </test> <!-- Default test -->
  </suite> <!-- Default suite -->
</testng-results>
