<?xml version="1.0" encoding="UTF-8"?>
<!-- Generated by org.testng.reporters.JUnitXMLReporter -->
<testsuite ignored="1" hostname="Prashant_Laptop" failures="1" tests="2" name="Test(failed)(failed)" time="0.089" errors="0" timestamp="2024-10-25T16:16:28 IST">
  <testcase classname="reRunTestCases.TestCases" name="method1" time="0.022">
    <failure type="java.lang.AssertionError" message="expected [true] but found [false]">
      <![CDATA[java.lang.AssertionError: expected [true] but found [false]
at reRunTestCases.TestCases.method1(TestCases.java:9)
at java.base/java.util.ArrayList.forEach(ArrayList.java:1597)
... Removed 29 stack frames]]>
    </failure>
  </testcase> <!-- method1 -->
  <testcase classname="reRunTestCases.TestCases" name="method2" time="0.002"/>
  <testcase classname="reRunTestCases.TestCases" name="method3" time="0.0">
    <ignored/>
  </testcase> <!-- method3 -->
</testsuite> <!-- Test(failed)(failed) -->
